<?xml version="1.0" encoding="UTF-8"?>
<testsuite xmlns:xsi="http://www.w3.org/2001/XMLSchema-instance" xsi:noNamespaceSchemaLocation="https://maven.apache.org/surefire/maven-surefire-plugin/xsd/surefire-test-report-3.0.xsd" version="3.0" name="TestSuite" time="5.348" tests="1" errors="0" skipped="0" failures="0">
  <properties>
    <property name="gopherProxySet" value="false"/>
    <property name="awt.toolkit" value="sun.lwawt.macosx.LWCToolkit"/>
    <property name="file.encoding.pkg" value="sun.io"/>
    <property name="java.specification.version" value="1.8"/>
    <property name="webdriver.chrome.driver" value="chromedriver"/>
    <property name="sun.cpu.isalist" value=""/>
    <property name="sun.jnu.encoding" value="UTF-8"/>
    <property name="java.class.path" value="/Users/pvissapragada/Desktop/LivePerson/gitHubActions/githubActions/target/test-classes:/Users/pvissapragada/Desktop/LivePerson/gitHubActions/githubActions/target/classes:/Users/pvissapragada/.m2/repository/org/testng/testng/6.14.3/testng-6.14.3.jar:/Users/pvissapragada/.m2/repository/com/beust/jcommander/1.72/jcommander-1.72.jar:/Users/pvissapragada/.m2/repository/org/apache-extras/beanshell/bsh/2.0b6/bsh-2.0b6.jar:/Users/pvissapragada/.m2/repository/org/seleniumhq/selenium/selenium-java/3.141.59/selenium-java-3.141.59.jar:/Users/pvissapragada/.m2/repository/org/seleniumhq/selenium/selenium-api/3.141.59/selenium-api-3.141.59.jar:/Users/pvissapragada/.m2/repository/org/seleniumhq/selenium/selenium-chrome-driver/3.141.59/selenium-chrome-driver-3.141.59.jar:/Users/pvissapragada/.m2/repository/org/seleniumhq/selenium/selenium-edge-driver/3.141.59/selenium-edge-driver-3.141.59.jar:/Users/pvissapragada/.m2/repository/org/seleniumhq/selenium/selenium-firefox-driver/3.141.59/selenium-firefox-driver-3.141.59.jar:/Users/pvissapragada/.m2/repository/org/seleniumhq/selenium/selenium-ie-driver/3.141.59/selenium-ie-driver-3.141.59.jar:/Users/pvissapragada/.m2/repository/org/seleniumhq/selenium/selenium-opera-driver/3.141.59/selenium-opera-driver-3.141.59.jar:/Users/pvissapragada/.m2/repository/org/seleniumhq/selenium/selenium-remote-driver/3.141.59/selenium-remote-driver-3.141.59.jar:/Users/pvissapragada/.m2/repository/org/seleniumhq/selenium/selenium-safari-driver/3.141.59/selenium-safari-driver-3.141.59.jar:/Users/pvissapragada/.m2/repository/org/seleniumhq/selenium/selenium-support/3.141.59/selenium-support-3.141.59.jar:/Users/pvissapragada/.m2/repository/net/bytebuddy/byte-buddy/1.8.15/byte-buddy-1.8.15.jar:/Users/pvissapragada/.m2/repository/org/apache/commons/commons-exec/1.3/commons-exec-1.3.jar:/Users/pvissapragada/.m2/repository/com/google/guava/guava/25.0-jre/guava-25.0-jre.jar:/Users/pvissapragada/.m2/repository/com/google/code/findbugs/jsr305/1.3.9/jsr305-1.3.9.jar:/Users/pvissapragada/.m2/repository/org/checkerframework/checker-compat-qual/2.0.0/checker-compat-qual-2.0.0.jar:/Users/pvissapragada/.m2/repository/com/google/errorprone/error_prone_annotations/2.1.3/error_prone_annotations-2.1.3.jar:/Users/pvissapragada/.m2/repository/com/google/j2objc/j2objc-annotations/1.1/j2objc-annotations-1.1.jar:/Users/pvissapragada/.m2/repository/org/codehaus/mojo/animal-sniffer-annotations/1.14/animal-sniffer-annotations-1.14.jar:/Users/pvissapragada/.m2/repository/com/squareup/okhttp3/okhttp/3.11.0/okhttp-3.11.0.jar:/Users/pvissapragada/.m2/repository/com/squareup/okio/okio/1.14.0/okio-1.14.0.jar:/Users/pvissapragada/.m2/repository/org/seleniumhq/selenium/selenium-htmlunit-driver/2.39.0/selenium-htmlunit-driver-2.39.0.jar:/Users/pvissapragada/.m2/repository/net/sourceforge/htmlunit/htmlunit/2.13/htmlunit-2.13.jar:/Users/pvissapragada/.m2/repository/xalan/xalan/2.7.1/xalan-2.7.1.jar:/Users/pvissapragada/.m2/repository/xalan/serializer/2.7.1/serializer-2.7.1.jar:/Users/pvissapragada/.m2/repository/commons-collections/commons-collections/3.2.1/commons-collections-3.2.1.jar:/Users/pvissapragada/.m2/repository/org/apache/commons/commons-lang3/3.1/commons-lang3-3.1.jar:/Users/pvissapragada/.m2/repository/org/apache/httpcomponents/httpmime/4.3.1/httpmime-4.3.1.jar:/Users/pvissapragada/.m2/repository/commons-codec/commons-codec/1.8/commons-codec-1.8.jar:/Users/pvissapragada/.m2/repository/net/sourceforge/htmlunit/htmlunit-core-js/2.13/htmlunit-core-js-2.13.jar:/Users/pvissapragada/.m2/repository/xerces/xercesImpl/2.11.0/xercesImpl-2.11.0.jar:/Users/pvissapragada/.m2/repository/xml-apis/xml-apis/1.4.01/xml-apis-1.4.01.jar:/Users/pvissapragada/.m2/repository/net/sourceforge/nekohtml/nekohtml/1.9.19/nekohtml-1.9.19.jar:/Users/pvissapragada/.m2/repository/net/sourceforge/cssparser/cssparser/0.9.11/cssparser-0.9.11.jar:/Users/pvissapragada/.m2/repository/org/w3c/css/sac/1.3/sac-1.3.jar:/Users/pvissapragada/.m2/repository/commons-io/commons-io/2.4/commons-io-2.4.jar:/Users/pvissapragada/.m2/repository/commons-logging/commons-logging/1.1.3/commons-logging-1.1.3.jar:/Users/pvissapragada/.m2/repository/org/eclipse/jetty/jetty-websocket/8.1.12.v20130726/jetty-websocket-8.1.12.v20130726.jar:/Users/pvissapragada/.m2/repository/org/eclipse/jetty/jetty-util/8.1.12.v20130726/jetty-util-8.1.12.v20130726.jar:/Users/pvissapragada/.m2/repository/org/eclipse/jetty/jetty-io/8.1.12.v20130726/jetty-io-8.1.12.v20130726.jar:/Users/pvissapragada/.m2/repository/org/eclipse/jetty/jetty-http/8.1.12.v20130726/jetty-http-8.1.12.v20130726.jar:/Users/pvissapragada/.m2/repository/org/apache/httpcomponents/httpclient/4.3.1/httpclient-4.3.1.jar:/Users/pvissapragada/.m2/repository/org/apache/httpcomponents/httpcore/4.3/httpcore-4.3.jar:"/>
    <property name="java.vm.vendor" value="Oracle Corporation"/>
    <property name="sun.arch.data.model" value="64"/>
    <property name="java.vendor.url" value="http://java.oracle.com/"/>
    <property name="user.timezone" value="Europe/Berlin"/>
    <property name="java.vm.specification.version" value="1.8"/>
    <property name="os.name" value="Mac OS X"/>
    <property name="user.country" value="DE"/>
    <property name="sun.java.launcher" value="SUN_STANDARD"/>
    <property name="sun.boot.library.path" value="/Library/Java/JavaVirtualMachines/jdk1.8.0_261.jdk/Contents/Home/jre/lib"/>
    <property name="sun.java.command" value="/Users/pvissapragada/Desktop/LivePerson/gitHubActions/githubActions/target/surefire/surefirebooter7409414814886032695.jar /Users/pvissapragada/Desktop/LivePerson/gitHubActions/githubActions/target/surefire 2021-11-21T22-49-25_629-jvmRun1 surefire1086838177766075765tmp surefire_05643525624402928108tmp"/>
    <property name="surefire.test.class.path" value="/Users/pvissapragada/Desktop/LivePerson/gitHubActions/githubActions/target/test-classes:/Users/pvissapragada/Desktop/LivePerson/gitHubActions/githubActions/target/classes:/Users/pvissapragada/.m2/repository/org/testng/testng/6.14.3/testng-6.14.3.jar:/Users/pvissapragada/.m2/repository/com/beust/jcommander/1.72/jcommander-1.72.jar:/Users/pvissapragada/.m2/repository/org/apache-extras/beanshell/bsh/2.0b6/bsh-2.0b6.jar:/Users/pvissapragada/.m2/repository/org/seleniumhq/selenium/selenium-java/3.141.59/selenium-java-3.141.59.jar:/Users/pvissapragada/.m2/repository/org/seleniumhq/selenium/selenium-api/3.141.59/selenium-api-3.141.59.jar:/Users/pvissapragada/.m2/repository/org/seleniumhq/selenium/selenium-chrome-driver/3.141.59/selenium-chrome-driver-3.141.59.jar:/Users/pvissapragada/.m2/repository/org/seleniumhq/selenium/selenium-edge-driver/3.141.59/selenium-edge-driver-3.141.59.jar:/Users/pvissapragada/.m2/repository/org/seleniumhq/selenium/selenium-firefox-driver/3.141.59/selenium-firefox-driver-3.141.59.jar:/Users/pvissapragada/.m2/repository/org/seleniumhq/selenium/selenium-ie-driver/3.141.59/selenium-ie-driver-3.141.59.jar:/Users/pvissapragada/.m2/repository/org/seleniumhq/selenium/selenium-opera-driver/3.141.59/selenium-opera-driver-3.141.59.jar:/Users/pvissapragada/.m2/repository/org/seleniumhq/selenium/selenium-remote-driver/3.141.59/selenium-remote-driver-3.141.59.jar:/Users/pvissapragada/.m2/repository/org/seleniumhq/selenium/selenium-safari-driver/3.141.59/selenium-safari-driver-3.141.59.jar:/Users/pvissapragada/.m2/repository/org/seleniumhq/selenium/selenium-support/3.141.59/selenium-support-3.141.59.jar:/Users/pvissapragada/.m2/repository/net/bytebuddy/byte-buddy/1.8.15/byte-buddy-1.8.15.jar:/Users/pvissapragada/.m2/repository/org/apache/commons/commons-exec/1.3/commons-exec-1.3.jar:/Users/pvissapragada/.m2/repository/com/google/guava/guava/25.0-jre/guava-25.0-jre.jar:/Users/pvissapragada/.m2/repository/com/google/code/findbugs/jsr305/1.3.9/jsr305-1.3.9.jar:/Users/pvissapragada/.m2/repository/org/checkerframework/checker-compat-qual/2.0.0/checker-compat-qual-2.0.0.jar:/Users/pvissapragada/.m2/repository/com/google/errorprone/error_prone_annotations/2.1.3/error_prone_annotations-2.1.3.jar:/Users/pvissapragada/.m2/repository/com/google/j2objc/j2objc-annotations/1.1/j2objc-annotations-1.1.jar:/Users/pvissapragada/.m2/repository/org/codehaus/mojo/animal-sniffer-annotations/1.14/animal-sniffer-annotations-1.14.jar:/Users/pvissapragada/.m2/repository/com/squareup/okhttp3/okhttp/3.11.0/okhttp-3.11.0.jar:/Users/pvissapragada/.m2/repository/com/squareup/okio/okio/1.14.0/okio-1.14.0.jar:/Users/pvissapragada/.m2/repository/org/seleniumhq/selenium/selenium-htmlunit-driver/2.39.0/selenium-htmlunit-driver-2.39.0.jar:/Users/pvissapragada/.m2/repository/net/sourceforge/htmlunit/htmlunit/2.13/htmlunit-2.13.jar:/Users/pvissapragada/.m2/repository/xalan/xalan/2.7.1/xalan-2.7.1.jar:/Users/pvissapragada/.m2/repository/xalan/serializer/2.7.1/serializer-2.7.1.jar:/Users/pvissapragada/.m2/repository/commons-collections/commons-collections/3.2.1/commons-collections-3.2.1.jar:/Users/pvissapragada/.m2/repository/org/apache/commons/commons-lang3/3.1/commons-lang3-3.1.jar:/Users/pvissapragada/.m2/repository/org/apache/httpcomponents/httpmime/4.3.1/httpmime-4.3.1.jar:/Users/pvissapragada/.m2/repository/commons-codec/commons-codec/1.8/commons-codec-1.8.jar:/Users/pvissapragada/.m2/repository/net/sourceforge/htmlunit/htmlunit-core-js/2.13/htmlunit-core-js-2.13.jar:/Users/pvissapragada/.m2/repository/xerces/xercesImpl/2.11.0/xercesImpl-2.11.0.jar:/Users/pvissapragada/.m2/repository/xml-apis/xml-apis/1.4.01/xml-apis-1.4.01.jar:/Users/pvissapragada/.m2/repository/net/sourceforge/nekohtml/nekohtml/1.9.19/nekohtml-1.9.19.jar:/Users/pvissapragada/.m2/repository/net/sourceforge/cssparser/cssparser/0.9.11/cssparser-0.9.11.jar:/Users/pvissapragada/.m2/repository/org/w3c/css/sac/1.3/sac-1.3.jar:/Users/pvissapragada/.m2/repository/commons-io/commons-io/2.4/commons-io-2.4.jar:/Users/pvissapragada/.m2/repository/commons-logging/commons-logging/1.1.3/commons-logging-1.1.3.jar:/Users/pvissapragada/.m2/repository/org/eclipse/jetty/jetty-websocket/8.1.12.v20130726/jetty-websocket-8.1.12.v20130726.jar:/Users/pvissapragada/.m2/repository/org/eclipse/jetty/jetty-util/8.1.12.v20130726/jetty-util-8.1.12.v20130726.jar:/Users/pvissapragada/.m2/repository/org/eclipse/jetty/jetty-io/8.1.12.v20130726/jetty-io-8.1.12.v20130726.jar:/Users/pvissapragada/.m2/repository/org/eclipse/jetty/jetty-http/8.1.12.v20130726/jetty-http-8.1.12.v20130726.jar:/Users/pvissapragada/.m2/repository/org/apache/httpcomponents/httpclient/4.3.1/httpclient-4.3.1.jar:/Users/pvissapragada/.m2/repository/org/apache/httpcomponents/httpcore/4.3/httpcore-4.3.jar:"/>
    <property name="sun.cpu.endian" value="little"/>
    <property name="user.home" value="/Users/pvissapragada"/>
    <property name="user.language" value="en"/>
    <property name="java.specification.vendor" value="Oracle Corporation"/>
    <property name="java.home" value="/Library/Java/JavaVirtualMachines/jdk1.8.0_261.jdk/Contents/Home/jre"/>
    <property name="basedir" value="/Users/pvissapragada/Desktop/LivePerson/gitHubActions/githubActions"/>
    <property name="file.separator" value="/"/>
    <property name="line.separator" value="&#10;"/>
    <property name="java.vm.specification.vendor" value="Oracle Corporation"/>
    <property name="java.specification.name" value="Java Platform API Specification"/>
    <property name="java.awt.graphicsenv" value="sun.awt.CGraphicsEnvironment"/>
    <property name="surefire.real.class.path" value="/Users/pvissapragada/Desktop/LivePerson/gitHubActions/githubActions/target/surefire/surefirebooter7409414814886032695.jar"/>
    <property name="sun.boot.class.path" value="/Library/Java/JavaVirtualMachines/jdk1.8.0_261.jdk/Contents/Home/jre/lib/resources.jar:/Library/Java/JavaVirtualMachines/jdk1.8.0_261.jdk/Contents/Home/jre/lib/rt.jar:/Library/Java/JavaVirtualMachines/jdk1.8.0_261.jdk/Contents/Home/jre/lib/sunrsasign.jar:/Library/Java/JavaVirtualMachines/jdk1.8.0_261.jdk/Contents/Home/jre/lib/jsse.jar:/Library/Java/JavaVirtualMachines/jdk1.8.0_261.jdk/Contents/Home/jre/lib/jce.jar:/Library/Java/JavaVirtualMachines/jdk1.8.0_261.jdk/Contents/Home/jre/lib/charsets.jar:/Library/Java/JavaVirtualMachines/jdk1.8.0_261.jdk/Contents/Home/jre/lib/jfr.jar:/Library/Java/JavaVirtualMachines/jdk1.8.0_261.jdk/Contents/Home/jre/classes"/>
    <property name="sun.management.compiler" value="HotSpot 64-Bit Tiered Compilers"/>
    <property name="java.runtime.version" value="1.8.0_261-b12"/>
    <property name="user.name" value="pvissapragada"/>
    <property name="path.separator" value=":"/>
    <property name="os.version" value="10.16"/>
    <property name="java.endorsed.dirs" value="/Library/Java/JavaVirtualMachines/jdk1.8.0_261.jdk/Contents/Home/jre/lib/endorsed"/>
    <property name="java.runtime.name" value="Java(TM) SE Runtime Environment"/>
    <property name="file.encoding" value="US-ASCII"/>
    <property name="java.vm.name" value="Java HotSpot(TM) 64-Bit Server VM"/>
    <property name="localRepository" value="/Users/pvissapragada/.m2/repository"/>
    <property name="java.vendor.url.bug" value="http://bugreport.sun.com/bugreport/"/>
    <property name="java.io.tmpdir" value="/var/folders/tw/84mw7vt93k1fj4q_p3jqdh700000gp/T/"/>
    <property name="java.version" value="1.8.0_261"/>
    <property name="user.dir" value="/Users/pvissapragada/Desktop/LivePerson/gitHubActions/githubActions"/>
    <property name="os.arch" value="x86_64"/>
    <property name="java.vm.specification.name" value="Java Virtual Machine Specification"/>
    <property name="java.awt.printerjob" value="sun.lwawt.macosx.CPrinterJob"/>
    <property name="sun.os.patch.level" value="unknown"/>
    <property name="java.library.path" value="/Users/pvissapragada/Library/Java/Extensions:/Library/Java/Extensions:/Network/Library/Java/Extensions:/System/Library/Java/Extensions:/usr/lib/java:."/>
    <property name="java.vm.info" value="mixed mode"/>
    <property name="java.vendor" value="Oracle Corporation"/>
    <property name="java.vm.version" value="25.261-b12"/>
    <property name="java.ext.dirs" value="/Users/pvissapragada/Library/Java/Extensions:/Library/Java/JavaVirtualMachines/jdk1.8.0_261.jdk/Contents/Home/jre/lib/ext:/Library/Java/Extensions:/Network/Library/Java/Extensions:/System/Library/Java/Extensions:/usr/lib/java"/>
    <property name="sun.io.unicode.encoding" value="UnicodeBig"/>
    <property name="java.class.version" value="52.0"/>
  </properties>
  <testcase name="searchTestNGInGoogle" classname="ChromeDemo" time="2.604">
    <system-out><![CDATA[You are testing in chrome
Tested Headless browser
]]></system-out>
    <system-err><![CDATA[Starting ChromeDriver 96.0.4664.45 (76e4c1bb2ab4671b8beba3444e61c0f17584b2fc-refs/branch-heads/4664@{#947}) on port 42796
Only local connections are allowed.
Please see https://chromedriver.chromium.org/security-considerations for suggestions on keeping ChromeDriver safe.
ChromeDriver was started successfully.
Nov 21, 2021 10:49:29 PM org.openqa.selenium.remote.ProtocolHandshake createSession
INFO: Detected dialect: W3C
]]></system-err>
  </testcase>
</testsuite>