<?xml version="1.0" encoding="UTF-8"?>
<!-- Generated by org.testng.reporters.JUnitReportReporter -->
<testsuite skipped="0" hostname="pvissapragada-mbp" name="ChromeDemo" tests="1" failures="0" timestamp="21 Nov 2021 21:49:32 GMT" time="2.613" errors="0">
  <testcase name="searchTestNGInGoogle" time="2.613" classname="ChromeDemo"/>
</testsuite> <!-- ChromeDemo -->
